jurnal-android/app/build/intermediates/manifest_merge_blame_file/release/manifest-merger-blame-release-report.txt
1<?xml version="1.0" encoding="utf-8"?>
2<manifest xmlns:android="http://schemas.android.com/apk/res/android"
3    package="com.jurnal.app"
4    android:versionCode="1"
5    android:versionName="1.0" >
6
7    <uses-sdk
8        android:minSdkVersion="26"
9        android:targetSdkVersion="34" />
10
11    <uses-permission android:name="android.permission.INTERNET" />
11-->src/main/AndroidManifest.xml:3:5-67
11-->src/main/AndroidManifest.xml:3:22-64
12    <uses-permission android:name="android.permission.RECORD_AUDIO" />
12-->src/main/AndroidManifest.xml:4:5-71
12-->src/main/AndroidManifest.xml:4:22-68
13    <uses-permission android:name="android.permission.WAKE_LOCK" />
13-->[androidx.work:work-runtime:2.7.1] AndroidManifest.xml:25:5-68
13-->[androidx.work:work-runtime:2.7.1] AndroidManifest.xml:25:22-65
14    <uses-permission android:name="android.permission.ACCESS_NETWORK_STATE" />
14-->[androidx.work:work-runtime:2.7.1] AndroidManifest.xml:26:5-79
14-->[androidx.work:work-runtime:2.7.1] AndroidManifest.xml:26:22-76
15    <uses-permission android:name="android.permission.RECEIVE_BOOT_COMPLETED" />
15-->[androidx.work:work-runtime:2.7.1] AndroidManifest.xml:27:5-81
15-->[androidx.work:work-runtime:2.7.1] AndroidManifest.xml:27:22-78
16    <uses-permission android:name="android.permission.FOREGROUND_SERVICE" />
16-->[androidx.work:work-runtime:2.7.1] AndroidManifest.xml:28:5-77
16-->[androidx.work:work-runtime:2.7.1] AndroidManifest.xml:28:22-74
17
18    <permission
18-->[androidx.core:core:1.12.0] AndroidManifest.xml:22:5-24:47
19        android:name="com.jurnal.app.DYNAMIC_RECEIVER_NOT_EXPORTED_PERMISSION"
19-->[androidx.core:core:1.12.0] AndroidManifest.xml:23:9-81
20        android:protectionLevel="signature" />
20-->[androidx.core:core:1.12.0] AndroidManifest.xml:24:9-44
21
22    <uses-permission android:name="com.jurnal.app.DYNAMIC_RECEIVER_NOT_EXPORTED_PERMISSION" />
22-->[androidx.core:core:1.12.0] AndroidManifest.xml:26:5-97
22-->[androidx.core:core:1.12.0] AndroidManifest.xml:26:22-94
23
24    <application
24-->src/main/AndroidManifest.xml:6:5-36:19
25        android:allowBackup="true"
25-->src/main/AndroidManifest.xml:7:9-35
26        android:appComponentFactory="androidx.core.app.CoreComponentFactory"
26-->[androidx.core:core:1.12.0] AndroidManifest.xml:28:18-86
27        android:extractNativeLibs="false"
28        android:supportsRtl="true"
28-->src/main/AndroidManifest.xml:8:9-35
29        android:theme="@android:style/Theme.Material.Light.NoActionBar" >
29-->src/main/AndroidManifest.xml:9:9-72
30        <activity
30-->src/main/AndroidManifest.xml:11:9-24:20
31            android:name="com.jurnal.app.MainActivity"
31-->src/main/AndroidManifest.xml:12:13-41
32            android:exported="true"
32-->src/main/AndroidManifest.xml:13:13-36
33            android:launchMode="singleTask" >
33-->src/main/AndroidManifest.xml:14:13-44
34            <intent-filter>
34-->src/main/AndroidManifest.xml:15:13-18:29
35                <action android:name="android.intent.action.MAIN" />
35-->src/main/AndroidManifest.xml:16:17-69
35-->src/main/AndroidManifest.xml:16:25-66
36
37                <category android:name="android.intent.category.LAUNCHER" />
37-->src/main/AndroidManifest.xml:17:17-77
37-->src/main/AndroidManifest.xml:17:27-74
38            </intent-filter>
39            <intent-filter>
39-->src/main/AndroidManifest.xml:19:13-23:29
40                <action android:name="android.intent.action.SEND" />
40-->src/main/AndroidManifest.xml:20:17-69
40-->src/main/AndroidManifest.xml:20:25-66
41
42                <category android:name="android.intent.category.DEFAULT" />
42-->src/main/AndroidManifest.xml:21:17-76
42-->src/main/AndroidManifest.xml:21:27-73
43
44                <data android:mimeType="text/plain" />
44-->src/main/AndroidManifest.xml:22:17-55
44-->src/main/AndroidManifest.xml:22:23-52
45            </intent-filter>
46        </activity>
47
48        <receiver
48-->src/main/AndroidManifest.xml:26:9-35:20
49            android:name="com.jurnal.app.widget.JournalWidgetReceiver"
49-->src/main/AndroidManifest.xml:27:13-57
50            android:exported="true" >
50-->src/main/AndroidManifest.xml:28:13-36
51            <intent-filter>
51-->src/main/AndroidManifest.xml:29:13-31:29
52                <action android:name="android.appwidget.action.APPWIDGET_UPDATE" />
52-->src/main/AndroidManifest.xml:30:17-84
52-->src/main/AndroidManifest.xml:30:25-81
53            </intent-filter>
54
55            <meta-data
55-->src/main/AndroidManifest.xml:32:13-34:55
56                android:name="android.appwidget.provider"
56-->src/main/AndroidManifest.xml:33:17-58
57                android:resource="@xml/widget_info" />
57-->src/main/AndroidManifest.xml:34:17-52
58        </receiver>
59
60        <activity
60-->[androidx.glance:glance-appwidget:1.0.0] AndroidManifest.xml:23:9-27:40
61            android:name="androidx.glance.appwidget.action.ActionTrampolineActivity"
61-->[androidx.glance:glance-appwidget:1.0.0] AndroidManifest.xml:24:13-85
62            android:enabled="true"
62-->[androidx.glance:glance-appwidget:1.0.0] AndroidManifest.xml:25:13-35
63            android:excludeFromRecents="true"
63-->[androidx.glance:glance-appwidget:1.0.0] AndroidManifest.xml:26:13-46
64            android:exported="false" />
64-->[androidx.glance:glance-appwidget:1.0.0] AndroidManifest.xml:27:13-37
65        <activity
65-->[androidx.glance:glance-appwidget:1.0.0] AndroidManifest.xml:28:9-35:81
66            android:name="androidx.glance.appwidget.action.InvisibleActionTrampolineActivity"
66-->[androidx.glance:glance-appwidget:1.0.0] AndroidManifest.xml:29:13-94
67            android:enabled="true"
67-->[androidx.glance:glance-appwidget:1.0.0] AndroidManifest.xml:30:13-35
68            android:exported="false"
68-->[androidx.glance:glance-appwidget:1.0.0] AndroidManifest.xml:31:13-37
69            android:launchMode="singleInstance"
69-->[androidx.glance:glance-appwidget:1.0.0] AndroidManifest.xml:32:13-48
70            android:noHistory="true"
70-->[androidx.glance:glance-appwidget:1.0.0] AndroidManifest.xml:33:13-37
71            android:taskAffinity="androidx.glance.appwidget.ListAdapterCallbackTrampoline"
71-->[androidx.glance:glance-appwidget:1.0.0] AndroidManifest.xml:34:13-91
72            android:theme="@style/Widget.Glance.AppWidget.CallbackTrampoline" />
72-->[androidx.glance:glance-appwidget:1.0.0] AndroidManifest.xml:35:13-78
73
74        <receiver
74-->[androidx.glance:glance-appwidget:1.0.0] AndroidManifest.xml:37:9-40:40
75            android:name="androidx.glance.appwidget.action.ActionCallbackBroadcastReceiver"
75-->[androidx.glance:glance-appwidget:1.0.0] AndroidManifest.xml:38:13-92
76            android:enabled="true"
76-->[androidx.glance:glance-appwidget:1.0.0] AndroidManifest.xml:39:13-35
77            android:exported="false" />
77-->[androidx.glance:glance-appwidget:1.0.0] AndroidManifest.xml:40:13-37
78        <receiver
78-->[androidx.glance:glance-appwidget:1.0.0] AndroidManifest.xml:41:9-48:20
79            android:name="androidx.glance.appwidget.MyPackageReplacedReceiver"
79-->[androidx.glance:glance-appwidget:1.0.0] AndroidManifest.xml:42:13-79
80            android:enabled="true"
80-->[androidx.glance:glance-appwidget:1.0.0] AndroidManifest.xml:43:13-35
81            android:exported="false" >
81-->[androidx.glance:glance-appwidget:1.0.0] AndroidManifest.xml:44:13-37
82            <intent-filter>
82-->[androidx.glance:glance-appwidget:1.0.0] AndroidManifest.xml:45:13-47:29
83                <action android:name="android.intent.action.MY_PACKAGE_REPLACED" />
83-->[androidx.glance:glance-appwidget:1.0.0] AndroidManifest.xml:46:17-84
83-->[androidx.glance:glance-appwidget:1.0.0] AndroidManifest.xml:46:25-81
84            </intent-filter>
85        </receiver>
86
87        <service
87-->[androidx.glance:glance-appwidget:1.0.0] AndroidManifest.xml:50:9-53:72
88            android:name="androidx.glance.appwidget.GlanceRemoteViewsService"
88-->[androidx.glance:glance-appwidget:1.0.0] AndroidManifest.xml:51:13-78
89            android:exported="true"
89-->[androidx.glance:glance-appwidget:1.0.0] AndroidManifest.xml:52:13-36
90            android:permission="android.permission.BIND_REMOTEVIEWS" />
90-->[androidx.glance:glance-appwidget:1.0.0] AndroidManifest.xml:53:13-69
91
92        <provider
92-->[androidx.work:work-runtime:2.7.1] AndroidManifest.xml:31:9-39:20
93            android:name="androidx.startup.InitializationProvider"
93-->[androidx.work:work-runtime:2.7.1] AndroidManifest.xml:32:13-67
94            android:authorities="com.jurnal.app.androidx-startup"
94-->[androidx.work:work-runtime:2.7.1] AndroidManifest.xml:33:13-68
95            android:exported="false" >
95-->[androidx.work:work-runtime:2.7.1] AndroidManifest.xml:34:13-37
96            <meta-data
96-->[androidx.work:work-runtime:2.7.1] AndroidManifest.xml:36:13-38:52
97                android:name="androidx.work.WorkManagerInitializer"
97-->[androidx.work:work-runtime:2.7.1] AndroidManifest.xml:37:17-68
98                android:value="androidx.startup" />
98-->[androidx.work:work-runtime:2.7.1] AndroidManifest.xml:38:17-49
99            <meta-data
99-->[androidx.emoji2:emoji2:1.3.0] AndroidManifest.xml:29:13-31:52
100                android:name="androidx.emoji2.text.EmojiCompatInitializer"
100-->[androidx.emoji2:emoji2:1.3.0] AndroidManifest.xml:30:17-75
101                android:value="androidx.startup" />
101-->[androidx.emoji2:emoji2:1.3.0] AndroidManifest.xml:31:17-49
102            <meta-data
102-->[androidx.lifecycle:lifecycle-process:2.7.0] AndroidManifest.xml:29:13-31:52
103                android:name="androidx.lifecycle.ProcessLifecycleInitializer"
103-->[androidx.lifecycle:lifecycle-process:2.7.0] AndroidManifest.xml:30:17-78
104                android:value="androidx.startup" />
104-->[androidx.lifecycle:lifecycle-process:2.7.0] AndroidManifest.xml:31:17-49
105            <meta-data
105-->[androidx.profileinstaller:profileinstaller:1.3.0] AndroidManifest.xml:29:13-31:52
106                android:name="androidx.profileinstaller.ProfileInstallerInitializer"
106-->[androidx.profileinstaller:profileinstaller:1.3.0] AndroidManifest.xml:30:17-85
107                android:value="androidx.startup" />
107-->[androidx.profileinstaller:profileinstaller:1.3.0] AndroidManifest.xml:31:17-49
108        </provider>
109
110        <service
110-->[androidx.work:work-runtime:2.7.1] AndroidManifest.xml:41:9-46:35
111            android:name="androidx.work.impl.background.systemalarm.SystemAlarmService"
111-->[androidx.work:work-runtime:2.7.1] AndroidManifest.xml:42:13-88
112            android:directBootAware="false"
112-->[androidx.work:work-runtime:2.7.1] AndroidManifest.xml:43:13-44
113            android:enabled="@bool/enable_system_alarm_service_default"
113-->[androidx.work:work-runtime:2.7.1] AndroidManifest.xml:44:13-72
114            android:exported="false" />
114-->[androidx.work:work-runtime:2.7.1] AndroidManifest.xml:45:13-37
115        <service
115-->[androidx.work:work-runtime:2.7.1] AndroidManifest.xml:47:9-53:35
116            android:name="androidx.work.impl.background.systemjob.SystemJobService"
116-->[androidx.work:work-runtime:2.7.1] AndroidManifest.xml:48:13-84
117            android:directBootAware="false"
117-->[androidx.work:work-runtime:2.7.1] AndroidManifest.xml:49:13-44
118            android:enabled="@bool/enable_system_job_service_default"
118-->[androidx.work:work-runtime:2.7.1] AndroidManifest.xml:50:13-70
119            android:exported="true"
119-->[androidx.work:work-runtime:2.7.1] AndroidManifest.xml:51:13-36
120            android:permission="android.permission.BIND_JOB_SERVICE" />
120-->[androidx.work:work-runtime:2.7.1] AndroidManifest.xml:52:13-69
121        <service
121-->[androidx.work:work-runtime:2.7.1] AndroidManifest.xml:54:9-59:35
122            android:name="androidx.work.impl.foreground.SystemForegroundService"
122-->[androidx.work:work-runtime:2.7.1] AndroidManifest.xml:55:13-81
123            android:directBootAware="false"
123-->[androidx.work:work-runtime:2.7.1] AndroidManifest.xml:56:13-44
124            android:enabled="@bool/enable_system_foreground_service_default"
124-->[androidx.work:work-runtime:2.7.1] AndroidManifest.xml:57:13-77
125            android:exported="false" />
125-->[androidx.work:work-runtime:2.7.1] AndroidManifest.xml:58:13-37
126
127        <receiver
127-->[androidx.work:work-runtime:2.7.1] AndroidManifest.xml:61:9-66:35
128            android:name="androidx.work.impl.utils.ForceStopRunnable$BroadcastReceiver"
128-->[androidx.work:work-runtime:2.7.1] AndroidManifest.xml:62:13-88
129            android:directBootAware="false"
129-->[androidx.work:work-runtime:2.7.1] AndroidManifest.xml:63:13-44
130            android:enabled="true"
130-->[androidx.work:work-runtime:2.7.1] AndroidManifest.xml:64:13-35
131            android:exported="false" />
131-->[androidx.work:work-runtime:2.7.1] AndroidManifest.xml:65:13-37
132        <receiver
132-->[androidx.work:work-runtime:2.7.1] AndroidManifest.xml:67:9-77:20
133            android:name="androidx.work.impl.background.systemalarm.ConstraintProxy$BatteryChargingProxy"
133-->[androidx.work:work-runtime:2.7.1] AndroidManifest.xml:68:13-106
134            android:directBootAware="false"
134-->[androidx.work:work-runtime:2.7.1] AndroidManifest.xml:69:13-44
135            android:enabled="false"
135-->[androidx.work:work-runtime:2.7.1] AndroidManifest.xml:70:13-36
136            android:exported="false" >
136-->[androidx.work:work-runtime:2.7.1] AndroidManifest.xml:71:13-37
137            <intent-filter>
137-->[androidx.work:work-runtime:2.7.1] AndroidManifest.xml:73:13-76:29
138                <action android:name="android.intent.action.ACTION_POWER_CONNECTED" />
138-->[androidx.work:work-runtime:2.7.1] AndroidManifest.xml:74:17-87
138-->[androidx.work:work-runtime:2.7.1] AndroidManifest.xml:74:25-84
139                <action android:name="android.intent.action.ACTION_POWER_DISCONNECTED" />
139-->[androidx.work:work-runtime:2.7.1] AndroidManifest.xml:75:17-90
139-->[androidx.work:work-runtime:2.7.1] AndroidManifest.xml:75:25-87
140            </intent-filter>
141        </receiver>
142        <receiver
142-->[androidx.work:work-runtime:2.7.1] AndroidManifest.xml:78:9-88:20
143            android:name="androidx.work.impl.background.systemalarm.ConstraintProxy$BatteryNotLowProxy"
143-->[androidx.work:work-runtime:2.7.1] AndroidManifest.xml:79:13-104
144            android:directBootAware="false"
144-->[androidx.work:work-runtime:2.7.1] AndroidManifest.xml:80:13-44
145            android:enabled="false"
145-->[androidx.work:work-runtime:2.7.1] AndroidManifest.xml:81:13-36
146            android:exported="false" >
146-->[androidx.work:work-runtime:2.7.1] AndroidManifest.xml:82:13-37
147            <intent-filter>
147-->[androidx.work:work-runtime:2.7.1] AndroidManifest.xml:84:13-87:29
148                <action android:name="android.intent.action.BATTERY_OKAY" />
148-->[androidx.work:work-runtime:2.7.1] AndroidManifest.xml:85:17-77
148-->[androidx.work:work-runtime:2.7.1] AndroidManifest.xml:85:25-74
149                <action android:name="android.intent.action.BATTERY_LOW" />
149-->[androidx.work:work-runtime:2.7.1] AndroidManifest.xml:86:17-76
149-->[androidx.work:work-runtime:2.7.1] AndroidManifest.xml:86:25-73
150            </intent-filter>
151        </receiver>
152        <receiver
152-->[androidx.work:work-runtime:2.7.1] AndroidManifest.xml:89:9-99:20
153            android:name="androidx.work.impl.background.systemalarm.ConstraintProxy$StorageNotLowProxy"
153-->[androidx.work:work-runtime:2.7.1] AndroidManifest.xml:90:13-104
154            android:directBootAware="false"
154-->[androidx.work:work-runtime:2.7.1] AndroidManifest.xml:91:13-44
155            android:enabled="false"
155-->[androidx.work:work-runtime:2.7.1] AndroidManifest.xml:92:13-36
156            android:exported="false" >
156-->[androidx.work:work-runtime:2.7.1] AndroidManifest.xml:93:13-37
157            <intent-filter>
157-->[androidx.work:work-runtime:2.7.1] AndroidManifest.xml:95:13-98:29
158                <action android:name="android.intent.action.DEVICE_STORAGE_LOW" />
158-->[androidx.work:work-runtime:2.7.1] AndroidManifest.xml:96:17-83
158-->[androidx.work:work-runtime:2.7.1] AndroidManifest.xml:96:25-80
159                <action android:name="android.intent.action.DEVICE_STORAGE_OK" />
159-->[androidx.work:work-runtime:2.7.1] AndroidManifest.xml:97:17-82
159-->[androidx.work:work-runtime:2.7.1] AndroidManifest.xml:97:25-79
160            </intent-filter>
161        </receiver>
162        <receiver
162-->[androidx.work:work-runtime:2.7.1] AndroidManifest.xml:100:9-109:20
163            android:name="androidx.work.impl.background.systemalarm.ConstraintProxy$NetworkStateProxy"
163-->[androidx.work:work-runtime:2.7.1] AndroidManifest.xml:101:13-103
164            android:directBootAware="false"
164-->[androidx.work:work-runtime:2.7.1] AndroidManifest.xml:102:13-44
165            android:enabled="false"
165-->[androidx.work:work-runtime:2.7.1] AndroidManifest.xml:103:13-36
166            android:exported="false" >
166-->[androidx.work:work-runtime:2.7.1] AndroidManifest.xml:104:13-37
167            <intent-filter>
167-->[androidx.work:work-runtime:2.7.1] AndroidManifest.xml:106:13-108:29
168                <action android:name="android.net.conn.CONNECTIVITY_CHANGE" />
168-->[androidx.work:work-runtime:2.7.1] AndroidManifest.xml:107:17-79
168-->[androidx.work:work-runtime:2.7.1] AndroidManifest.xml:107:25-76
169            </intent-filter>
170        </receiver>
171        <receiver
171-->[androidx.work:work-runtime:2.7.1] AndroidManifest.xml:110:9-121:20
172            android:name="androidx.work.impl.background.systemalarm.RescheduleReceiver"
172-->[androidx.work:work-runtime:2.7.1] AndroidManifest.xml:111:13-88
173            android:directBootAware="false"
173-->[androidx.work:work-runtime:2.7.1] AndroidManifest.xml:112:13-44
174            android:enabled="false"
174-->[androidx.work:work-runtime:2.7.1] AndroidManifest.xml:113:13-36
175            android:exported="false" >
175-->[androidx.work:work-runtime:2.7.1] AndroidManifest.xml:114:13-37
176            <intent-filter>
176-->[androidx.work:work-runtime:2.7.1] AndroidManifest.xml:116:13-120:29
177                <action android:name="android.intent.action.BOOT_COMPLETED" />
177-->[androidx.work:work-runtime:2.7.1] AndroidManifest.xml:117:17-79
177-->[androidx.work:work-runtime:2.7.1] AndroidManifest.xml:117:25-76
178                <action android:name="android.intent.action.TIME_SET" />
178-->[androidx.work:work-runtime:2.7.1] AndroidManifest.xml:118:17-73
178-->[androidx.work:work-runtime:2.7.1] AndroidManifest.xml:118:25-70
179                <action android:name="android.intent.action.TIMEZONE_CHANGED" />
179-->[androidx.work:work-runtime:2.7.1] AndroidManifest.xml:119:17-81
179-->[androidx.work:work-runtime:2.7.1] AndroidManifest.xml:119:25-78
180            </intent-filter>
181        </receiver>
182        <receiver
182-->[androidx.work:work-runtime:2.7.1] AndroidManifest.xml:122:9-131:20
183            android:name="androidx.work.impl.background.systemalarm.ConstraintProxyUpdateReceiver"
183-->[androidx.work:work-runtime:2.7.1] AndroidManifest.xml:123:13-99
184            android:directBootAware="false"
184-->[androidx.work:work-runtime:2.7.1] AndroidManifest.xml:124:13-44
185            android:enabled="@bool/enable_system_alarm_service_default"
185-->[androidx.work:work-runtime:2.7.1] AndroidManifest.xml:125:13-72
186            android:exported="false" >
186-->[androidx.work:work-runtime:2.7.1] AndroidManifest.xml:126:13-37
187            <intent-filter>
187-->[androidx.work:work-runtime:2.7.1] AndroidManifest.xml:128:13-130:29
188                <action android:name="androidx.work.impl.background.systemalarm.UpdateProxies" />
188-->[androidx.work:work-runtime:2.7.1] AndroidManifest.xml:129:17-98
188-->[androidx.work:work-runtime:2.7.1] AndroidManifest.xml:129:25-95
189            </intent-filter>
190        </receiver>
191        <receiver
191-->[androidx.work:work-runtime:2.7.1] AndroidManifest.xml:132:9-142:20
192            android:name="androidx.work.impl.diagnostics.DiagnosticsReceiver"
192-->[androidx.work:work-runtime:2.7.1] AndroidManifest.xml:133:13-78
193            android:directBootAware="false"
193-->[androidx.work:work-runtime:2.7.1] AndroidManifest.xml:134:13-44
194            android:enabled="true"
194-->[androidx.work:work-runtime:2.7.1] AndroidManifest.xml:135:13-35
195            android:exported="true"
195-->[androidx.work:work-runtime:2.7.1] AndroidManifest.xml:136:13-36
196            android:permission="android.permission.DUMP" >
196-->[androidx.work:work-runtime:2.7.1] AndroidManifest.xml:137:13-57
197            <intent-filter>
197-->[androidx.work:work-runtime:2.7.1] AndroidManifest.xml:139:13-141:29
198                <action android:name="androidx.work.diagnostics.REQUEST_DIAGNOSTICS" />
198-->[androidx.work:work-runtime:2.7.1] AndroidManifest.xml:140:17-88
198-->[androidx.work:work-runtime:2.7.1] AndroidManifest.xml:140:25-85
199            </intent-filter>
200        </receiver>
201
202        <service
202-->[androidx.core:core-remoteviews:1.0.0] AndroidManifest.xml:24:9-27:63
203            android:name="androidx.core.widget.RemoteViewsCompatService"
203-->[androidx.core:core-remoteviews:1.0.0] AndroidManifest.xml:25:13-73
204            android:permission="android.permission.BIND_REMOTEVIEWS" />
204-->[androidx.core:core-remoteviews:1.0.0] AndroidManifest.xml:26:13-69
205
206        <receiver
206-->[androidx.profileinstaller:profileinstaller:1.3.0] AndroidManifest.xml:34:9-52:20
207            android:name="androidx.profileinstaller.ProfileInstallReceiver"
207-->[androidx.profileinstaller:profileinstaller:1.3.0] AndroidManifest.xml:35:13-76
208            android:directBootAware="false"
208-->[androidx.profileinstaller:profileinstaller:1.3.0] AndroidManifest.xml:36:13-44
209            android:enabled="true"
209-->[androidx.profileinstaller:profileinstaller:1.3.0] AndroidManifest.xml:37:13-35
210            android:exported="true"
210-->[androidx.profileinstaller:profileinstaller:1.3.0] AndroidManifest.xml:38:13-36
211            android:permission="android.permission.DUMP" >
211-->[androidx.profileinstaller:profileinstaller:1.3.0] AndroidManifest.xml:39:13-57
212            <intent-filter>
212-->[androidx.profileinstaller:profileinstaller:1.3.0] AndroidManifest.xml:40:13-42:29
213                <action android:name="androidx.profileinstaller.action.INSTALL_PROFILE" />
213-->[androidx.profileinstaller:profileinstaller:1.3.0] AndroidManifest.xml:41:17-91
213-->[androidx.profileinstaller:profileinstaller:1.3.0] AndroidManifest.xml:41:25-88
214            </intent-filter>
215            <intent-filter>
215-->[androidx.profileinstaller:profileinstaller:1.3.0] AndroidManifest.xml:43:13-45:29
216                <action android:name="androidx.profileinstaller.action.SKIP_FILE" />
216-->[androidx.profileinstaller:profileinstaller:1.3.0] AndroidManifest.xml:44:17-85
216-->[androidx.profileinstaller:profileinstaller:1.3.0] AndroidManifest.xml:44:25-82
217            </intent-filter>
218            <intent-filter>
218-->[androidx.profileinstaller:profileinstaller:1.3.0] AndroidManifest.xml:46:13-48:29
219                <action android:name="androidx.profileinstaller.action.SAVE_PROFILE" />
219-->[androidx.profileinstaller:profileinstaller:1.3.0] AndroidManifest.xml:47:17-88
219-->[androidx.profileinstaller:profileinstaller:1.3.0] AndroidManifest.xml:47:25-85
220            </intent-filter>
221            <intent-filter>
221-->[androidx.profileinstaller:profileinstaller:1.3.0] AndroidManifest.xml:49:13-51:29
222                <action android:name="androidx.profileinstaller.action.BENCHMARK_OPERATION" />
222-->[androidx.profileinstaller:profileinstaller:1.3.0] AndroidManifest.xml:50:17-95
222-->[androidx.profileinstaller:profileinstaller:1.3.0] AndroidManifest.xml:50:25-92
223            </intent-filter>
224        </receiver>
225
226        <service
226-->[androidx.room:room-runtime:2.2.5] AndroidManifest.xml:25:9-28:40
227            android:name="androidx.room.MultiInstanceInvalidationService"
227-->[androidx.room:room-runtime:2.2.5] AndroidManifest.xml:26:13-74
228            android:directBootAware="true"
228-->[androidx.room:room-runtime:2.2.5] AndroidManifest.xml:27:13-43
229            android:exported="false" />
229-->[androidx.room:room-runtime:2.2.5] AndroidManifest.xml:28:13-37
230    </application>
231
232</manifest>